<?xml version="1.0" encoding="UTF-8"?>
<testng-results skipped="0" failed="0" ignored="0" total="1" passed="1">
  <reporter-output>
  </reporter-output>
  <suite name="Suite1" duration-ms="45" started-at="2021-03-22T22:49:14 CDT" finished-at="2021-03-22T22:49:14 CDT">
    <groups>
    </groups>
    <test name="Test1" duration-ms="45" started-at="2021-03-22T22:49:14 CDT" finished-at="2021-03-22T22:49:14 CDT">
      <class name="Rashedul_Maven.TestMaven">
        <test-method status="PASS" signature="testMaven()[pri:0, instance:Rashedul_Maven.TestMaven@59f99ea]" name="testMaven" duration-ms="4" started-at="2021-03-22T22:49:14 CDT" finished-at="2021-03-22T22:49:14 CDT">
          <reporter-output>
          </reporter-output>
        </test-method> <!-- testMaven -->
      </class> <!-- Rashedul_Maven.TestMaven -->
    </test> <!-- Test1 -->
  </suite> <!-- Suite1 -->
</testng-results>
